OpenJDK 64-Bit Server VM (25.111-b14) for linux-amd64 JRE (1.8.0_111-8u111-b14-2ubuntu0.16.04.2-b14), built on Oct 27 2016 18:10:19 by "buildd" with gcc 5.4.0 20160609
Memory: 4k page, physical 6044024k(2334076k free), swap 3998716k(3998716k free)
CommandLine flags: -XX:CMSInitiatingOccupancyFraction=50 -XX:CMSMaxAbortablePrecleanTime=6000 -XX:+CMSParallelRemarkEnabled -XX:+CMSScavengeBeforeRemark -XX:ConcGCThreads=4 -XX:InitialHeapSize=536870912 -XX:MaxHeapSize=536870912 -XX:MaxTenuringThreshold=8 -XX:NewRatio=3 -XX:OldPLABSize=16 -XX:ParallelGCThreads=4 -XX:+ParallelRefProcEnabled -XX:PretenureSizeThreshold=67108864 -XX:+PrintGC -XX:+PrintGCApplicationStoppedTime -XX:+PrintGCDateStamps -XX:+PrintGCDetails -XX:+PrintGCTimeStamps -XX:+PrintHeapAtGC -XX:+PrintTenuringDistribution -XX:SurvivorRatio=4 -XX:TargetSurvivorRatio=90 -XX:ThreadStackSize=256 -XX:+UseCMSInitiatingOccupancyOnly -XX:+UseCompressedClassPointers -XX:+UseCompressedOops -XX:+UseConcMarkSweepGC -XX:+UseParNewGC 
2017-01-18T11:04:20.255-0500: 0.736: Total time for which application threads were stopped: 0.0003014 seconds, Stopping threads took: 0.0001063 seconds
2017-01-18T11:04:20.438-0500: 0.920: Total time for which application threads were stopped: 0.0001702 seconds, Stopping threads took: 0.0000451 seconds
2017-01-18T11:04:20.611-0500: 1.093: Total time for which application threads were stopped: 0.0002569 seconds, Stopping threads took: 0.0000715 seconds
2017-01-18T11:04:20.758-0500: 1.240: Total time for which application threads were stopped: 0.0003524 seconds, Stopping threads took: 0.0000784 seconds
2017-01-18T11:04:20.780-0500: 1.262: Total time for which application threads were stopped: 0.0002584 seconds, Stopping threads took: 0.0000622 seconds
2017-01-18T11:04:20.804-0500: 1.286: Total time for which application threads were stopped: 0.0002771 seconds, Stopping threads took: 0.0000739 seconds
{Heap before GC invocations=0 (full 0):
 par new generation   total 109248K, used 87424K [0x00000000e0000000, 0x00000000e8000000, 0x00000000e8000000)
  eden space 87424K, 100% used [0x00000000e0000000, 0x00000000e5560000, 0x00000000e5560000)
  from space 21824K,   0% used [0x00000000e5560000, 0x00000000e5560000, 0x00000000e6ab0000)
  to   space 21824K,   0% used [0x00000000e6ab0000, 0x00000000e6ab0000, 0x00000000e8000000)
 concurrent mark-sweep generation total 393216K, used 0K [0x00000000e8000000, 0x0000000100000000, 0x0000000100000000)
 Metaspace       used 10058K, capacity 10236K, committed 10496K, reserved 1058816K
  class space    used 1124K, capacity 1176K, committed 1280K, reserved 1048576K
2017-01-18T11:04:21.655-0500: 2.137: [GC (Allocation Failure) 2017-01-18T11:04:21.655-0500: 2.137: [ParNew
Desired survivor size 20112992 bytes, new threshold 8 (max 8)
- age   1:    5623776 bytes,    5623776 total
: 87424K->5551K(109248K), 0.1259904 secs] 87424K->5551K(502464K), 0.1261222 secs] [Times: user=0.04 sys=0.17, real=0.13 secs] 
Heap after GC invocations=1 (full 0):
 par new generation   total 109248K, used 5551K [0x00000000e0000000, 0x00000000e8000000, 0x00000000e8000000)
  eden space 87424K,   0% used [0x00000000e0000000, 0x00000000e0000000, 0x00000000e5560000)
  from space 21824K,  25% used [0x00000000e6ab0000, 0x00000000e701bfa8, 0x00000000e8000000)
  to   space 21824K,   0% used [0x00000000e5560000, 0x00000000e5560000, 0x00000000e6ab0000)
 concurrent mark-sweep generation total 393216K, used 0K [0x00000000e8000000, 0x0000000100000000, 0x0000000100000000)
 Metaspace       used 10058K, capacity 10236K, committed 10496K, reserved 1058816K
  class space    used 1124K, capacity 1176K, committed 1280K, reserved 1048576K
}
2017-01-18T11:04:21.781-0500: 2.263: Total time for which application threads were stopped: 0.1266407 seconds, Stopping threads took: 0.0002044 seconds
2017-01-18T11:04:21.918-0500: 2.400: Total time for which application threads were stopped: 0.0003935 seconds, Stopping threads took: 0.0000823 seconds
2017-01-18T11:04:22.036-0500: 2.518: Total time for which application threads were stopped: 0.0003125 seconds, Stopping threads took: 0.0000704 seconds
2017-01-18T11:04:22.380-0500: 2.862: Total time for which application threads were stopped: 0.0004928 seconds, Stopping threads took: 0.0001288 seconds
2017-01-18T11:04:22.431-0500: 2.913: Total time for which application threads were stopped: 0.0002623 seconds, Stopping threads took: 0.0000541 seconds
2017-01-18T11:04:22.432-0500: 2.914: Total time for which application threads were stopped: 0.0002069 seconds, Stopping threads took: 0.0000501 seconds
2017-01-18T11:04:22.579-0500: 3.061: Total time for which application threads were stopped: 0.0002810 seconds, Stopping threads took: 0.0000782 seconds
2017-01-18T11:04:22.742-0500: 3.224: Total time for which application threads were stopped: 0.0002549 seconds, Stopping threads took: 0.0000487 seconds
2017-01-18T11:04:22.947-0500: 3.429: Total time for which application threads were stopped: 0.0003851 seconds, Stopping threads took: 0.0000781 seconds
2017-01-18T11:04:22.985-0500: 3.467: Total time for which application threads were stopped: 0.0003108 seconds, Stopping threads took: 0.0000743 seconds
2017-01-18T11:04:23.017-0500: 3.499: Total time for which application threads were stopped: 0.0002847 seconds, Stopping threads took: 0.0000679 seconds
{Heap before GC invocations=1 (full 0):
 par new generation   total 109248K, used 92975K [0x00000000e0000000, 0x00000000e8000000, 0x00000000e8000000)
  eden space 87424K, 100% used [0x00000000e0000000, 0x00000000e5560000, 0x00000000e5560000)
  from space 21824K,  25% used [0x00000000e6ab0000, 0x00000000e701bfa8, 0x00000000e8000000)
  to   space 21824K,   0% used [0x00000000e5560000, 0x00000000e5560000, 0x00000000e6ab0000)
 concurrent mark-sweep generation total 393216K, used 0K [0x00000000e8000000, 0x0000000100000000, 0x0000000100000000)
 Metaspace       used 17224K, capacity 17482K, committed 17664K, reserved 1064960K
  class space    used 1956K, capacity 2030K, committed 2048K, reserved 1048576K
2017-01-18T11:04:23.156-0500: 3.638: [GC (Allocation Failure) 2017-01-18T11:04:23.157-0500: 3.638: [ParNew
Desired survivor size 20112992 bytes, new threshold 8 (max 8)
- age   1:    6659472 bytes,    6659472 total
- age   2:    2474832 bytes,    9134304 total
: 92975K->11839K(109248K), 0.0565190 secs] 92975K->11839K(502464K), 0.0566054 secs] [Times: user=0.03 sys=0.07, real=0.05 secs] 
Heap after GC invocations=2 (full 0):
 par new generation   total 109248K, used 11839K [0x00000000e0000000, 0x00000000e8000000, 0x00000000e8000000)
  eden space 87424K,   0% used [0x00000000e0000000, 0x00000000e0000000, 0x00000000e5560000)
  from space 21824K,  54% used [0x00000000e5560000, 0x00000000e60eff00, 0x00000000e6ab0000)
  to   space 21824K,   0% used [0x00000000e6ab0000, 0x00000000e6ab0000, 0x00000000e8000000)
 concurrent mark-sweep generation total 393216K, used 0K [0x00000000e8000000, 0x0000000100000000, 0x0000000100000000)
 Metaspace       used 17224K, capacity 17482K, committed 17664K, reserved 1064960K
  class space    used 1956K, capacity 2030K, committed 2048K, reserved 1048576K
}
2017-01-18T11:04:23.214-0500: 3.696: Total time for which application threads were stopped: 0.0587325 seconds, Stopping threads took: 0.0011861 seconds
2017-01-18T11:04:23.633-0500: 4.114: Total time for which application threads were stopped: 0.0002770 seconds, Stopping threads took: 0.0000714 seconds
2017-01-18T11:04:23.670-0500: 4.152: Total time for which application threads were stopped: 0.0003628 seconds, Stopping threads took: 0.0001018 seconds
2017-01-18T11:04:23.865-0500: 4.347: Total time for which application threads were stopped: 0.0005721 seconds, Stopping threads took: 0.0000569 seconds
2017-01-18T11:04:23.884-0500: 4.365: Total time for which application threads were stopped: 0.0001642 seconds, Stopping threads took: 0.0000704 seconds
2017-01-18T11:04:23.951-0500: 4.433: Total time for which application threads were stopped: 0.0002793 seconds, Stopping threads took: 0.0001524 seconds
2017-01-18T11:04:24.008-0500: 4.490: Total time for which application threads were stopped: 0.0001988 seconds, Stopping threads took: 0.0000851 seconds
2017-01-18T11:04:24.034-0500: 4.516: Total time for which application threads were stopped: 0.0003675 seconds, Stopping threads took: 0.0000788 seconds
2017-01-18T11:04:24.051-0500: 4.533: Total time for which application threads were stopped: 0.0002800 seconds, Stopping threads took: 0.0001662 seconds
2017-01-18T11:04:24.076-0500: 4.557: Total time for which application threads were stopped: 0.0007428 seconds, Stopping threads took: 0.0005524 seconds
2017-01-18T11:04:24.078-0500: 4.560: Total time for which application threads were stopped: 0.0002830 seconds, Stopping threads took: 0.0000985 seconds
2017-01-18T11:04:24.125-0500: 4.607: Total time for which application threads were stopped: 0.0001592 seconds, Stopping threads took: 0.0000793 seconds
2017-01-18T11:04:24.181-0500: 4.663: Total time for which application threads were stopped: 0.0002508 seconds, Stopping threads took: 0.0001542 seconds
2017-01-18T11:04:24.218-0500: 4.700: Total time for which application threads were stopped: 0.0002948 seconds, Stopping threads took: 0.0001431 seconds
{Heap before GC invocations=2 (full 0):
 par new generation   total 109248K, used 99263K [0x00000000e0000000, 0x00000000e8000000, 0x00000000e8000000)
  eden space 87424K, 100% used [0x00000000e0000000, 0x00000000e5560000, 0x00000000e5560000)
  from space 21824K,  54% used [0x00000000e5560000, 0x00000000e60eff00, 0x00000000e6ab0000)
  to   space 21824K,   0% used [0x00000000e6ab0000, 0x00000000e6ab0000, 0x00000000e8000000)
 concurrent mark-sweep generation total 393216K, used 0K [0x00000000e8000000, 0x0000000100000000, 0x0000000100000000)
 Metaspace       used 22891K, capacity 23196K, committed 23544K, reserved 1071104K
  class space    used 2694K, capacity 2789K, committed 2836K, reserved 1048576K
2017-01-18T11:04:24.234-0500: 4.716: [GC (Allocation Failure) 2017-01-18T11:04:24.234-0500: 4.716: [ParNew
Desired survivor size 20112992 bytes, new threshold 8 (max 8)
- age   1:    5565800 bytes,    5565800 total
- age   2:    2792624 bytes,    8358424 total
- age   3:    2471264 bytes,   10829688 total
: 99263K->12767K(109248K), 0.0661249 secs] 99263K->12767K(502464K), 0.0662239 secs] [Times: user=0.08 sys=0.05, real=0.07 secs] 
Heap after GC invocations=3 (full 0):
 par new generation   total 109248K, used 12767K [0x00000000e0000000, 0x00000000e8000000, 0x00000000e8000000)
  eden space 87424K,   0% used [0x00000000e0000000, 0x00000000e0000000, 0x00000000e5560000)
  from space 21824K,  58% used [0x00000000e6ab0000, 0x00000000e7727e20, 0x00000000e8000000)
  to   space 21824K,   0% used [0x00000000e5560000, 0x00000000e5560000, 0x00000000e6ab0000)
 concurrent mark-sweep generation total 393216K, used 0K [0x00000000e8000000, 0x0000000100000000, 0x0000000100000000)
 Metaspace       used 22891K, capacity 23196K, committed 23544K, reserved 1071104K
  class space    used 2694K, capacity 2789K, committed 2836K, reserved 1048576K
}
2017-01-18T11:04:24.301-0500: 4.783: Total time for which application threads were stopped: 0.0666691 seconds, Stopping threads took: 0.0000289 seconds
2017-01-18T11:04:24.309-0500: 4.790: [GC (CMS Initial Mark) [1 CMS-initial-mark: 0K(393216K)] 13741K(502464K), 0.0076499 secs] [Times: user=0.01 sys=0.00, real=0.00 secs] 
2017-01-18T11:04:24.316-0500: 4.798: Total time for which application threads were stopped: 0.0079697 seconds, Stopping threads took: 0.0000971 seconds
2017-01-18T11:04:24.316-0500: 4.798: [CMS-concurrent-mark-start]
2017-01-18T11:04:24.317-0500: 4.799: [CMS-concurrent-mark: 0.000/0.000 secs] [Times: user=0.00 sys=0.00, real=0.00 secs] 
2017-01-18T11:04:24.317-0500: 4.799: [CMS-concurrent-preclean-start]
2017-01-18T11:04:24.318-0500: 4.800: [CMS-concurrent-preclean: 0.001/0.001 secs] [Times: user=0.00 sys=0.00, real=0.00 secs] 
2017-01-18T11:04:24.325-0500: 4.807: [GC (CMS Final Remark) [YG occupancy: 13741 K (109248 K)]{Heap before GC invocations=3 (full 1):
 par new generation   total 109248K, used 13741K [0x00000000e0000000, 0x00000000e8000000, 0x00000000e8000000)
  eden space 87424K,   1% used [0x00000000e0000000, 0x00000000e00f37a0, 0x00000000e5560000)
  from space 21824K,  58% used [0x00000000e6ab0000, 0x00000000e7727e20, 0x00000000e8000000)
  to   space 21824K,   0% used [0x00000000e5560000, 0x00000000e5560000, 0x00000000e6ab0000)
 concurrent mark-sweep generation total 393216K, used 0K [0x00000000e8000000, 0x0000000100000000, 0x0000000100000000)
 Metaspace       used 23034K, capacity 23324K, committed 23544K, reserved 1071104K
  class space    used 2702K, capacity 2789K, committed 2836K, reserved 1048576K
2017-01-18T11:04:24.325-0500: 4.807: [GC (CMS Final Remark) 2017-01-18T11:04:24.325-0500: 4.807: [ParNew
Desired survivor size 20112992 bytes, new threshold 8 (max 8)
- age   1:     163752 bytes,     163752 total
- age   2:    5561640 bytes,    5725392 total
- age   3:    2792624 bytes,    8518016 total
- age   4:    2471264 bytes,   10989280 total
: 13741K->15742K(109248K), 0.0284936 secs] 13741K->15742K(502464K), 0.0286132 secs] [Times: user=0.04 sys=0.00, real=0.03 secs] 
Heap after GC invocations=4 (full 1):
 par new generation   total 109248K, used 15742K [0x00000000e0000000, 0x00000000e8000000, 0x00000000e8000000)
  eden space 87424K,   0% used [0x00000000e0000000, 0x00000000e0000000, 0x00000000e5560000)
  from space 21824K,  72% used [0x00000000e5560000, 0x00000000e64bfb20, 0x00000000e6ab0000)
  to   space 21824K,   0% used [0x00000000e6ab0000, 0x00000000e6ab0000, 0x00000000e8000000)
 concurrent mark-sweep generation total 393216K, used 0K [0x00000000e8000000, 0x0000000100000000, 0x0000000100000000)
 Metaspace       used 23034K, capacity 23324K, committed 23544K, reserved 1071104K
  class space    used 2702K, capacity 2789K, committed 2836K, reserved 1048576K
}
2017-01-18T11:04:24.354-0500: 4.836: [Rescan (parallel) , 0.0056707 secs]2017-01-18T11:04:24.359-0500: 4.841: [weak refs processing, 0.0080266 secs]2017-01-18T11:04:24.368-0500: 4.849: [class unloading, 0.0033217 secs]2017-01-18T11:04:24.371-0500: 4.853: [scrub symbol table, 0.0068360 secs]2017-01-18T11:04:24.378-0500: 4.860: [scrub string table, 0.0004456 secs][1 CMS-remark: 0K(393216K)] 15742K(502464K), 0.0543066 secs] [Times: user=0.07 sys=0.00, real=0.06 secs] 
2017-01-18T11:04:24.381-0500: 4.862: Total time for which application threads were stopped: 0.0561743 seconds, Stopping threads took: 0.0005157 seconds
2017-01-18T11:04:24.387-0500: 4.869: [CMS-concurrent-sweep-start]
2017-01-18T11:04:24.387-0500: 4.869: [CMS-concurrent-sweep: 0.000/0.000 secs] [Times: user=0.00 sys=0.00, real=0.00 secs] 
2017-01-18T11:04:24.387-0500: 4.869: [CMS-concurrent-reset-start]
2017-01-18T11:04:24.413-0500: 4.895: [CMS-concurrent-reset: 0.026/0.026 secs] [Times: user=0.01 sys=0.03, real=0.03 secs] 
2017-01-18T11:04:24.414-0500: 4.896: Total time for which application threads were stopped: 0.0002387 seconds, Stopping threads took: 0.0001242 seconds
2017-01-18T11:04:24.524-0500: 5.005: Total time for which application threads were stopped: 0.0002027 seconds, Stopping threads took: 0.0000419 seconds
2017-01-18T11:04:24.735-0500: 5.217: Total time for which application threads were stopped: 0.0001833 seconds, Stopping threads took: 0.0001009 seconds
2017-01-18T11:04:24.740-0500: 5.222: Total time for which application threads were stopped: 0.0043586 seconds, Stopping threads took: 0.0040277 seconds
2017-01-18T11:04:24.741-0500: 5.222: Total time for which application threads were stopped: 0.0002390 seconds, Stopping threads took: 0.0000996 seconds
2017-01-18T11:04:25.742-0500: 6.224: Total time for which application threads were stopped: 0.0001637 seconds, Stopping threads took: 0.0001163 seconds
2017-01-18T11:04:28.836-0500: 9.318: Total time for which application threads were stopped: 0.0001430 seconds, Stopping threads took: 0.0000829 seconds
2017-01-18T11:04:28.836-0500: 9.318: Total time for which application threads were stopped: 0.0000998 seconds, Stopping threads took: 0.0000725 seconds
2017-01-18T11:04:28.836-0500: 9.318: Total time for which application threads were stopped: 0.0000982 seconds, Stopping threads took: 0.0000735 seconds
2017-01-18T11:04:28.836-0500: 9.318: Total time for which application threads were stopped: 0.0001022 seconds, Stopping threads took: 0.0000698 seconds
2017-01-18T11:04:28.837-0500: 9.319: Total time for which application threads were stopped: 0.0001103 seconds, Stopping threads took: 0.0000808 seconds
2017-01-18T11:04:28.837-0500: 9.319: Total time for which application threads were stopped: 0.0001250 seconds, Stopping threads took: 0.0000989 seconds
2017-01-18T11:04:28.837-0500: 9.319: Total time for which application threads were stopped: 0.0000922 seconds, Stopping threads took: 0.0000692 seconds
2017-01-18T11:04:28.838-0500: 9.319: Total time for which application threads were stopped: 0.0000922 seconds, Stopping threads took: 0.0000691 seconds
2017-01-18T11:04:28.838-0500: 9.320: Total time for which application threads were stopped: 0.0000858 seconds, Stopping threads took: 0.0000560 seconds
2017-01-18T11:04:28.838-0500: 9.320: Total time for which application threads were stopped: 0.0000640 seconds, Stopping threads took: 0.0000414 seconds
2017-01-18T11:04:28.838-0500: 9.320: Total time for which application threads were stopped: 0.0001134 seconds, Stopping threads took: 0.0000737 seconds
2017-01-18T11:04:28.845-0500: 9.327: Total time for which application threads were stopped: 0.0003212 seconds, Stopping threads took: 0.0001931 seconds
2017-01-18T11:04:28.846-0500: 9.328: Total time for which application threads were stopped: 0.0001298 seconds, Stopping threads took: 0.0000544 seconds
2017-01-18T11:04:28.847-0500: 9.329: Total time for which application threads were stopped: 0.0000725 seconds, Stopping threads took: 0.0000235 seconds
2017-01-18T11:04:28.847-0500: 9.329: Total time for which application threads were stopped: 0.0000468 seconds, Stopping threads took: 0.0000184 seconds
2017-01-18T11:04:28.849-0500: 9.330: Total time for which application threads were stopped: 0.0001277 seconds, Stopping threads took: 0.0000816 seconds
2017-01-18T11:04:28.852-0500: 9.333: Total time for which application threads were stopped: 0.0001819 seconds, Stopping threads took: 0.0001072 seconds
2017-01-18T11:04:28.854-0500: 9.336: Total time for which application threads were stopped: 0.0001848 seconds, Stopping threads took: 0.0001268 seconds
2017-01-18T11:04:28.856-0500: 9.338: Total time for which application threads were stopped: 0.0001441 seconds, Stopping threads took: 0.0000885 seconds
2017-01-18T11:04:28.864-0500: 9.346: Total time for which application threads were stopped: 0.0009954 seconds, Stopping threads took: 0.0009166 seconds
2017-01-18T11:04:28.871-0500: 9.353: Total time for which application threads were stopped: 0.0001243 seconds, Stopping threads took: 0.0000792 