2017-01-18 16:04:20.249 INFO  (main) [   ] o.e.j.u.log Logging initialized @728ms
2017-01-18 16:04:20.595 INFO  (main) [   ] o.e.j.s.Server jetty-9.2.13.v20150730
2017-01-18 16:04:20.647 WARN  (main) [   ] o.e.j.s.h.RequestLogHandler !RequestLog
2017-01-18 16:04:20.650 INFO  (main) [   ] o.e.j.d.p.ScanningAppProvider Deployment monitor [file:/home/ubuntu/Documents/duss/solr/server/contexts/] at interval 0
2017-01-18 16:04:21.919 INFO  (main) [   ] o.e.j.w.StandardDescriptorProcessor NO JSP Support for /solr, did not find org.apache.jasper.servlet.JspServlet
2017-01-18 16:04:21.938 WARN  (main) [   ] o.e.j.s.SecurityHandler ServletContext@o.e.j.w.WebAppContext@3c0ecd4b{/solr,file:/home/ubuntu/Documents/duss/solr/server/solr-webapp/webapp/,STARTING}{/home/ubuntu/Documents/duss/solr/server/solr-webapp/webapp} has uncovered http methods for path: /
2017-01-18 16:04:21.966 INFO  (main) [   ] o.a.s.s.SolrDispatchFilter SolrDispatchFilter.init(): WebAppClassLoader=1846896625@6e1567f1
2017-01-18 16:04:22.017 INFO  (main) [   ] o.a.s.c.SolrResourceLoader JNDI not configured for solr (NoInitialContextEx)
2017-01-18 16:04:22.018 INFO  (main) [   ] o.a.s.c.SolrResourceLoader using system property solr.solr.home: /home/ubuntu/Documents/duss/solr/server/solr
2017-01-18 16:04:22.019 INFO  (main) [   ] o.a.s.c.SolrResourceLoader new SolrResourceLoader for directory: '/home/ubuntu/Documents/duss/solr/server/solr'
2017-01-18 16:04:22.020 INFO  (main) [   ] o.a.s.c.SolrResourceLoader JNDI not configured for solr (NoInitialContextEx)
2017-01-18 16:04:22.020 INFO  (main) [   ] o.a.s.c.SolrResourceLoader using system property solr.solr.home: /home/ubuntu/Documents/duss/solr/server/solr
2017-01-18 16:04:22.037 INFO  (main) [   ] o.a.s.c.SolrXmlConfig Loading container configuration from /home/ubuntu/Documents/duss/solr/server/solr/solr.xml
2017-01-18 16:04:22.231 INFO  (main) [   ] o.a.s.c.CorePropertiesLocator Config-defined core root directory: /home/ubuntu/Documents/duss/solr/server/solr
2017-01-18 16:04:22.289 INFO  (main) [   ] o.a.s.c.CoreContainer New CoreContainer 341853399
2017-01-18 16:04:22.289 INFO  (main) [   ] o.a.s.c.CoreContainer Loading cores into CoreContainer [instanceDir=/home/ubuntu/Documents/duss/solr/server/solr]
2017-01-18 16:04:22.290 WARN  (main) [   ] o.a.s.c.CoreContainer Couldn't add files from /home/ubuntu/Documents/duss/solr/server/solr/lib to classpath: /home/ubuntu/Documents/duss/solr/server/solr/lib
2017-01-18 16:04:22.319 INFO  (main) [   ] o.a.s.h.c.HttpShardHandlerFactory created with socketTimeout : 600000,connTimeout : 60000,maxConnectionsPerHost : 20,maxConnections : 10000,corePoolSize : 0,maximumPoolSize : 2147483647,maxThreadIdleTime : 5,sizeOfQueue : -1,fairnessPolicy : false,useRetries : false,
2017-01-18 16:04:22.626 INFO  (main) [   ] o.a.s.u.UpdateShardHandler Creating UpdateShardHandler HTTP client with params: socketTimeout=600000&connTimeout=60000&retry=true
2017-01-18 16:04:22.640 INFO  (main) [   ] o.a.s.l.LogWatcher SLF4J impl is org.slf4j.impl.Log4jLoggerFactory
2017-01-18 16:04:22.642 INFO  (main) [   ] o.a.s.l.LogWatcher Registering Log Listener [Log4j (org.slf4j.impl.Log4jLoggerFactory)]
2017-01-18 16:04:22.645 INFO  (main) [   ] o.a.s.c.CoreContainer Security conf doesn't exist. Skipping setup for authorization module.
2017-01-18 16:04:22.645 INFO  (main) [   ] o.a.s.c.CoreContainer No authentication plugin used.
2017-01-18 16:04:22.714 INFO  (main) [   ] o.a.s.c.CorePropertiesLocator Looking for core definitions underneath /home/ubuntu/Documents/duss/solr/server/solr
2017-01-18 16:04:22.726 INFO  (main) [   ] o.a.s.c.CoreDescriptor Created CoreDescriptor: {name=duss-indexing, config=solrconfig.xml, transient=false, schema=schema.xml, loadOnStartup=true, configSetProperties=configsetprops.json, instanceDir=/home/ubuntu/Documents/duss/solr/server/solr/duss-indexing, absoluteInstDir=/home/ubuntu/Documents/duss/solr/server/solr/duss-indexing/, dataDir=data}
2017-01-18 16:04:22.726 INFO  (main) [   ] o.a.s.c.CorePropertiesLocator Found core duss-indexing in /home/ubuntu/Documents/duss/solr/server/solr/duss-indexing/
2017-01-18 16:04:22.726 INFO  (main) [   ] o.a.s.c.CorePropertiesLocator Found 1 core definitions
2017-01-18 16:04:22.730 INFO  (coreLoadExecutor-6-thread-1) [   ] o.a.s.c.SolrResourceLoader new SolrResourceLoader for directory: '/home/ubuntu/Documents/duss/solr/server/solr/duss-indexing'
2017-01-18 16:04:22.730 INFO  (coreLoadExecutor-6-thread-1) [   ] o.a.s.c.SolrResourceLoader JNDI not configured for solr (NoInitialContextEx)
2017-01-18 16:04:22.730 INFO  (coreLoadExecutor-6-thread-1) [   ] o.a.s.c.SolrResourceLoader using system property solr.solr.home: /home/ubuntu/Documents/duss/solr/server/solr
2017-01-18 16:04:22.733 INFO  (main) [   ] o.a.s.s.SolrDispatchFilter user.dir=/home/ubuntu/Documents/duss/solr/server
2017-01-18 16:04:22.733 INFO  (main) [   ] o.a.s.s.SolrDispatchFilter SolrDispatchFilter.init() done
2017-01-18 16:04:22.746 INFO  (main) [   ] o.e.j.s.h.ContextHandler Started o.e.j.w.WebAppContext@3c0ecd4b{/solr,file:/home/ubuntu/Documents/duss/solr/server/solr-webapp/webapp/,AVAILABLE}{/home/ubuntu/Documents/duss/solr/server/solr-webapp/webapp}
2017-01-18 16:04:22.795 INFO  (coreLoadExecutor-6-thread-1) [   ] o.a.s.c.SolrConfig current version of requestparams : -1
2017-01-18 16:04:22.809 INFO  (main) [   ] o.e.j.s.ServerConnector Started ServerConnector@26669c6c{HTTP/1.1}{0.0.0.0:8983}
2017-01-18 16:04:22.809 INFO  (main) [   ] o.e.j.s.Server Started @3290ms
2017-01-18 16:04:22.862 INFO  (coreLoadExecutor-6-thread-1) [   ] o.a.s.u.SolrIndexConfig IndexWriter infoStream solr logging is enabled
2017-01-18 16:04:22.875 INFO  (coreLoadExecutor-6-thread-1) [   ] o.a.s.c.SolrConfig Using Lucene MatchVersion: 5.4.1
2017-01-18 16:04:23.024 INFO  (coreLoadExecutor-6-thread-1) [   ] o.a.s.c.SolrConfig Loaded SolrConfig: solrconfig.xml
2017-01-18 16:04:23.121 INFO  (coreLoadExecutor-6-thread-1) [   ] o.a.s.s.IndexSchema [duss-indexing] Schema name=DigitalUSSouth
2017-01-18 16:04:23.619 INFO  (coreLoadExecutor-6-thread-1) [   ] o.a.s.s.IndexSchema query parser default operator is AND|OR
2017-01-18 16:04:23.619 INFO  (coreLoadExecutor-6-thread-1) [   ] o.a.s.s.IndexSchema unique key field: id
2017-01-18 16:04:23.783 INFO  (coreLoadExecutor-6-thread-1) [   ] o.a.s.s.FileExchangeRateProvider Reloading exchange rates from file currency.xml
2017-01-18 16:04:23.794 INFO  (coreLoadExecutor-6-thread-1) [   ] o.a.s.s.FileExchangeRateProvider Reloading exchange rates from file currency.xml
2017-01-18 16:04:23.804 INFO  (coreLoadExecutor-6-thread-1) [   ] o.a.s.c.ConfigSetProperties Did not find ConfigSet properties, assuming default properties: Can't find resource 'configsetprops.json' in classpath or '/home/ubuntu/Documents/duss/solr/server/solr/duss-indexing'
2017-01-18 16:04:23.809 INFO  (coreLoadExecutor-6-thread-1) [   ] o.a.s.c.CoreContainer Creating SolrCore 'duss-indexing' using configuration from instancedir /home/ubuntu/Documents/duss/solr/server/solr/duss-indexing
2017-01-18 16:04:23.846 INFO  (coreLoadExecutor-6-thread-1) [   x:duss-indexing] o.a.s.c.SolrCore solr.NRTCachingDirectoryFactory
2017-01-18 16:04:23.863 INFO  (coreLoadExecutor-6-thread-1) [   x:duss-indexing] o.a.s.c.SolrCore [[duss-indexing] ] Opening new SolrCore at [/home/ubuntu/Documents/duss/solr/server/solr/duss-indexing], dataDir=[null]
2017-01-18 16:04:23.868 INFO  (coreLoadExecutor-6-thread-1) [   x:duss-indexing] o.a.s.c.JmxMonitoredMap No JMX servers found, not exposing Solr information with JMX.
2017-01-18 16:04:24.042 INFO  (coreLoadExecutor-6-thread-1) [   x:duss-indexing] o.a.s.c.CachingDirectoryFactory return new directory for /home/ubuntu/Documents/duss/solr/server/solr/duss-indexing/data
2017-01-18 16:04:24.044 INFO  (coreLoadExecutor-6-thread-1) [   x:duss-indexing] o.a.s.c.SolrCore New index directory detected: old=null new=/home/ubuntu/Documents/duss/solr/server/solr/duss-indexing/data/index/
2017-01-18 16:04:24.045 INFO  (coreLoadExecutor-6-thread-1) [   x:duss-indexing] o.a.s.c.CachingDirectoryFactory return new directory for /home/ubuntu/Documents/duss/solr/server/solr/duss-indexing/data/index
2017-01-18 16:04:24.075 INFO  (OldIndexDirectoryCleanupThreadForCore-duss-indexing) [   x:duss-indexing] o.a.s.c.SolrCore Looking for old index directories to cleanup for core duss-indexing in /home/ubuntu/Documents/duss/solr/server/solr/duss-indexing/data/
2017-01-18 16:04:24.215 INFO  (coreLoadExecutor-6-thread-1) [   x:duss-indexing] o.a.s.c.SolrCore no updateRequestProcessorChain defined as default, creating implicit default
2017-01-18 16:04:24.474 INFO  (coreLoadExecutor-6-thread-1) [   x:duss-indexing] o.a.s.h.l.XMLLoader xsltCacheLifetimeSeconds=60
2017-01-18 16:04:24.486 INFO  (coreLoadExecutor-6-thread-1) [   x:duss-indexing] o.a.s.h.l.XMLLoader xsltCacheLifetimeSeconds=60
2017-01-18 16:04:24.488 INFO  (coreLoadExecutor-6-thread-1) [   x:duss-indexing] o.a.s.h.l.XMLLoader xsltCacheLifetimeSeconds=60
2017-01-18 16:04:24.491 INFO  (coreLoadExecutor-6-thread-1) [   x:duss-indexing] o.a.s.h.l.XMLLoader xsltCacheLifetimeSeconds=60
2017-01-18 16:04:24.516 INFO  (coreLoadExecutor-6-thread-1) [   x:duss-indexing] o.a.s.c.PluginBag requestHandler : '/analysis/field' created with startup=lazy 
2017-01-18 16:04:24.517 INFO  (coreLoadExecutor-6-thread-1) [   x:duss-indexing] o.a.s.c.PluginBag requestHandler : '/analysis/document' created with startup=lazy 
2017-01-18 16:04:24.520 INFO  (coreLoadExecutor-6-thread-1) [   x:duss-indexing] o.a.s.c.PluginBag requestHandler : '/terms' created with startup=lazy 
2017-01-18 16:04:24.520 INFO  (coreLoadExecutor-6-thread-1) [   x:duss-indexing] o.a.s.c.RequestHandlers Registered paths: /admin/mbeans,/update/json/docs,/admin/luke,/export,/get,/admin/properties,/update/json,/admin/threads,/query,/analysis/field,/analysis/document,/update/csv,/select,/admin/segments,/admin/system,/replication,/config,/schema,/admin/plugins,/admin/logging,/admin/ping,/update,/admin/file,/debug/dump,/terms
2017-01-18 16:04:24.521 INFO  (coreLoadExecutor-6-thread-1) [   x:duss-indexing] o.a.s.c.SolrCore Using default statsCache cache: org.apache.solr.search.stats.LocalStatsCache
2017-01-18 16:04:24.534 INFO  (coreLoadExecutor-6-thread-1) [   x:duss-indexing] o.a.s.u.UpdateHandler Using UpdateLog implementation: org.apache.solr.update.UpdateLog
2017-01-18 16:04:24.536 INFO  (coreLoadExecutor-6-thread-1) [   x:duss-indexing] o.a.s.u.UpdateLog Initializing UpdateLog: dataDir= defaultSyncLevel=FLUSH numRecordsToKeep=100 maxNumLogsToKeep=10 numVersionBuckets=65536
2017-01-18 16:04:24.545 INFO  (coreLoadExecutor-6-thread-1) [   x:duss-indexing] o.a.s.u.CommitTracker Hard AutoCommit: if uncommited for 15000ms; 
2017-01-18 16:04:24.545 INFO  (coreLoadExecutor-6-thread-1) [   x:duss-indexing] o.a.s.u.CommitTracker Soft AutoCommit: disabled
2017-01-18 16:04:24.653 INFO  (coreLoadExecutor-6-thread-1) [   x:duss-indexing] o.a.s.c.SolrDeletionPolicy SolrDeletionPolicy.onInit: commits: num=1
	commit{dir=NRTCachingDirectory(MMapDirectory@/home/ubuntu/Documents/duss/solr/server/solr/duss-indexing/data/index lockFactory=org.apache.lucene.store.NativeFSLockFactory@7e30a8ed; maxCacheMB=48.0 maxMergeSizeMB=4.0),segFN=segments_1,generation=1}
2017-01-18 16:04:24.653 INFO  (coreLoadExecutor-6-thread-1) [   x:duss-indexing] o.a.s.c.SolrDeletionPolicy newest commit generation = 1
2017-01-18 16:04:24.675 INFO  (coreLoadExecutor-6-thread-1) [   x:duss-indexing] o.a.s.s.SolrIndexSearcher Opening Searcher@da778de[duss-indexing] main
2017-01-18 16:04:24.706 INFO  (coreLoadExecutor-6-thread-1) [   x:duss-indexing] o.a.s.r.ManagedResourceStorage File-based storage initialized to use dir: /home/ubuntu/Documents/duss/solr/server/solr/duss-indexing/conf
2017-01-18 16:04:24.706 INFO  (coreLoadExecutor-6-thread-1) [   x:duss-indexing] o.a.s.r.RestManager Initializing RestManager with initArgs: {storageDir=/home/ubuntu/Documents/duss/solr/server/solr/duss-indexing/conf}
2017-01-18 16:04:24.722 INFO  (coreLoadExecutor-6-thread-1) [   x:duss-indexing] o.a.s.r.ManagedResourceStorage Reading _rest_managed.json using file:dir=/home/ubuntu/Documents/duss/solr/server/solr/duss-indexing/conf
2017-01-18 16:04:24.723 INFO  (coreLoadExecutor-6-thread-1) [   x:duss-indexing] o.a.s.r.ManagedResourceStorage Loaded LinkedHashMap at path _rest_managed.json using file:dir=/home/ubuntu/Documents/duss/solr/server/solr/duss-indexing/conf
2017-01-18 16:04:24.723 INFO  (coreLoadExecutor-6-thread-1) [   x:duss-indexing] o.a.s.r.ManagedResource Loaded initArgs {} for /rest/managed
2017-01-18 16:04:24.723 INFO  (coreLoadExecutor-6-thread-1) [   x:duss-indexing] o.a.s.r.RestManager Initializing 0 registered ManagedResources
2017-01-18 16:04:24.733 INFO  (coreLoadExecutor-6-thread-1) [   x:duss-indexing] o.a.s.h.ReplicationHandler Commits will be reserved for  10000
2017-01-18 16:04:24.742 INFO  (searcherExecutor-7-thread-1-processing-x:duss-indexing) [   x:duss-indexing] o.a.s.c.SolrCore [duss-indexing] Registered new searcher Searcher@da778de[duss-indexing] main{ExitableDirectoryReader(UninvertingDirectoryReader())}
2017-01-18 16:04:24.742 INFO  (coreLoadExecutor-6-thread-1) [   x:duss-indexing] o.a.s.u.UpdateLog Looking up max value of version field to seed version buckets
2017-01-18 16:04:24.744 INFO  (coreLoadExecutor-6-thread-1) [   x:duss-indexing] o.a.s.u.VersionInfo Refreshing highest value of _version_ for 65536 version buckets from index
2017-01-18 16:04:24.744 INFO  (coreLoadExecutor-6-thread-1) [   x:duss-indexing] o.a.s.u.VersionInfo No terms found for _version_, cannot seed version bucket highest value from index
2017-01-18 16:04:24.744 INFO  (coreLoadExecutor-6-thread-1) [   x:duss-indexing] o.a.s.u.UpdateLog Could not find max version in index or recent updates, using new clock 1556878946199404544
2017-01-18 16:04:24.749 INFO  (coreLoadExecutor-6-thread-1) [   x:duss-indexing] o.a.s.u.UpdateLog Took 4.0ms to seed version buckets with highest version 1556878946199404544
2017-01-18 16:04:24.750 INFO  (coreLoadExecutor-6-thread-1) [   x:duss-indexing] o.a.s.c.CoreContainer registering core: duss-indexing
2017-01-18 16:04:29.045 INFO  (qtp1013423070-20) [   x:duss-indexing] o.a.s.c.S.Request [duss-indexing] webapp=/solr path=/select params={q=contributing_institution:(*)%0aurl:(*)%0atitle:(*)%0atype_content:(*)%0atype_digital:(*)%0arole_ALL:(*)%0ageolocation_human:(*)%0aalternative_title:(*)%0adescription:(*)%0afull_text:(*)%0atype_physical:(*)%0ashelfmark:(*)%0asubject_heading:(*)%0aextent:(*)%0acopyright_holder:(*)%0ause_permissions:(*)%0alanguage:(*)%0anotes:(*)%0a&facet.field=archive_facet&facet.field=contributing_institution_facet&facet.field=subject_heading_facet&facet.field=type_content&facet.field=file_format&facet.field=language&hl=true&hl.simple.post=</mark>&indent=true&start=0&hl.fl=*&rows=20&wt=json&facet=true&hl.simple.pre=<mark>} hits=0 status=0 QTime=79 
2017-01-18 16:10:37.413 INFO  (qtp1013423070-20) [   x:duss-indexing] o.a.s.c.S.Request [duss-indexing] webapp=/solr path=/select params={facet.field=archive_facet&facet.field=contributing_institution_facet&facet.field=subject_heading_facet&facet.field=type_content&facet.field=file_format&facet.field=language&hl=true&indent=true&start=0&rows=20&hl.simple.pre=<mark>&q=contributing_institution:(*)%0aurl:(*)%0atitle:(*)%0atype_content:(*)%0atype_digital:(*)%0arole_ALL:(*)%0ageolocation_human:(*)%0aalternative_title:(*)%0adescription:(*)%0afull_text:(*)%0atype_physical:(*)%0ashelfmark:(*)%0asubject_heading:(*)%0aextent:(*)%0acopyright_holder:(*)%0ause_permissions:(*)%0alanguage:(*)%0anotes:(*)%0a&hl.simple.post=</mark>&stats=true&hl.fl=*&wt=json&facet=true&stats.field=years} hits=0 status=0 QTime=17 
